<?xml version="1.0" encoding="utf-8"?><testsuites><testsuite errors="0" failures="0" hostname="WIN-1GF9INK28GB" name="pytest" skipped="0" tests="12" time="0.385" timestamp="2019-12-28T22:21:58.323542"><testcase classname="unit.test_div" file="unit\test_div.py" line="30" name="test_div[10-2-5]" time="0.013"><system-out>hello world
</system-out></testcase><testcase classname="unit.test_div" file="unit\test_div.py" line="30" name="test_div[10-3-3.3333333333333335]" time="0.012"><system-out>hello world
</system-out></testcase><testcase classname="unit.test_div" file="unit\test_div.py" line="30" name="test_div[-10--2-5]" time="0.015"><system-out>hello world
</system-out></testcase><testcase classname="unit.test_div" file="unit\test_div.py" line="30" name="test_div[-10-5--2]" time="0.010"><system-out>hello world
</system-out></testcase><testcase classname="unit.test_div" file="unit\test_div.py" line="30" name="test_div[100000000-1-100000000]" time="0.011"><system-out>hello world
</system-out></testcase><testcase classname="unit.test_div" file="unit\test_div.py" line="30" name="test_div[2-20000-0.0001]" time="0.014"><system-out>hello world
</system-out></testcase><testcase classname="unit.test_div" file="unit\test_div.py" line="30" name="test_div[66.72-11.12-6]" time="0.013"><system-out>hello world
</system-out></testcase><testcase classname="unit.test_div" file="unit\test_div.py" line="30" name="test_div[0-200-0]" time="0.016"><system-out>hello world
</system-out></testcase><testcase classname="unit.test_div" file="unit\test_div.py" line="46" name="test_div_error[2-0-ZeroDivisionError]" time="0.020"></testcase><testcase classname="unit.test_div" file="unit\test_div.py" line="46" name="test_div_error[10-a-TypeError]" time="0.016"></testcase><testcase classname="unit.test_div" file="unit\test_div.py" line="46" name="test_div_error[a-9-TypeError]" time="0.016"></testcase><testcase classname="unit.test_div" file="unit\test_div.py" line="46" name="test_div_error[None-None-TypeError]" time="0.012"></testcase></testsuite></testsuites>